Jan-11 22:52:00.590 [main] DEBUG nextflow.cli.Launcher - $> nextflow run training.nf --fastq /home/mike/bioinformatics/test_files/pacbio_fastq/pacbio.fastq
Jan-11 22:52:00.707 [main] INFO  nextflow.cli.CmdRun - N E X T F L O W  ~  version 19.10.0
Jan-11 22:52:00.718 [main] INFO  nextflow.cli.CmdRun - Launching `training.nf` [friendly_gilbert] - revision: 840252ddf8
Jan-11 22:52:00.734 [main] DEBUG nextflow.config.ConfigBuilder - Found config local: /home/mike/bioinformatics/padawan-training/nextflow.config
Jan-11 22:52:00.735 [main] DEBUG nextflow.config.ConfigBuilder - Parsing config file: /home/mike/bioinformatics/padawan-training/nextflow.config
Jan-11 22:52:00.756 [main] DEBUG nextflow.config.ConfigBuilder - Applying config profile: `standard`
Jan-11 22:52:01.130 [main] DEBUG nextflow.extension.OperatorEx - Dataflow extension methods: branch,buffer,chain,choice,collate,collect,collectFile,combine,concat,count,countBy,countFasta,countFastq,countLines,countText,cross,distinct,filter,first,flatMap,flatten,fork,groupBy,groupTuple,ifEmpty,into,join,last,map,max,mean,merge,min,mix,phase,print,println,randomSample,reduce,separate,set,splitCsv,splitFasta,splitFastq,splitText,spread,subscribe,sum,take,tap,toDouble,toFloat,toInteger,toList,toLong,toSortedList,transpose,unique,until,view
Jan-11 22:52:01.146 [main] DEBUG nextflow.Session - Session uuid: ffb040ef-4671-4e84-a5e8-8367f407a608
Jan-11 22:52:01.146 [main] DEBUG nextflow.Session - Run name: friendly_gilbert
Jan-11 22:52:01.147 [main] DEBUG nextflow.Session - Executor pool size: 16
Jan-11 22:52:01.178 [main] DEBUG nextflow.cli.CmdRun - 
  Version: 19.10.0 build 5170
  Created: 21-10-2019 15:07 UTC (17:07 CEST)
  System: Linux 5.0.0-37-generic
  Runtime: Groovy 2.5.8 on OpenJDK 64-Bit Server VM 11.0.5+10-post-Ubuntu-0ubuntu1.118.04
  Encoding: UTF-8 (UTF-8)
  Process: 11013@mike-ONE [127.0.1.1]
  CPUs: 16 - Mem: 15.7 GB (9.2 GB) - Swap: 2 GB (2 GB)
Jan-11 22:52:01.198 [main] DEBUG nextflow.Session - Work-dir: /home/mike/bioinformatics/padawan-training/work [ext2/ext3]
Jan-11 22:52:01.198 [main] DEBUG nextflow.Session - Script base path does not exist or is not a directory: /home/mike/bioinformatics/padawan-training/bin
Jan-11 22:52:01.212 [main] DEBUG nextflow.Session - Observer factory: TowerFactory
Jan-11 22:52:01.214 [main] DEBUG nextflow.Session - Observer factory: DefaultObserverFactory
Jan-11 22:52:01.365 [main] DEBUG nextflow.Session - Session start invoked
Jan-11 22:52:01.550 [main] DEBUG nextflow.script.ScriptRunner - > Launching execution
Jan-11 22:52:01.810 [main] DEBUG nextflow.executor.ExecutorFactory - << taskConfig executor: null
Jan-11 22:52:01.810 [main] DEBUG nextflow.executor.ExecutorFactory - >> processorType: 'local'
Jan-11 22:52:01.817 [main] DEBUG nextflow.executor.Executor - [warm up] executor > local
Jan-11 22:52:01.825 [main] DEBUG n.processor.LocalPollingMonitor - Creating local task monitor for executor 'local' > cpus=16; memory=15.7 GB; capacity=16; pollInterval=100ms; dumpInterval=5m
Jan-11 22:52:01.880 [main] DEBUG nextflow.processor.TaskProcessor - Creating operator > input_check -- maxForks: 16
Jan-11 22:52:01.918 [main] DEBUG nextflow.script.ProcessConfig - Config settings `withName:nanoplot` matches process nanoplot
Jan-11 22:52:01.922 [main] DEBUG nextflow.executor.ExecutorFactory - << taskConfig executor: null
Jan-11 22:52:01.922 [main] DEBUG nextflow.executor.ExecutorFactory - >> processorType: 'local'
Jan-11 22:52:01.923 [main] DEBUG nextflow.processor.TaskProcessor - Creating operator > nanoplot -- maxForks: 16
Jan-11 22:52:01.931 [main] DEBUG nextflow.script.ProcessConfig - Config settings `withName:filterfastq` matches process filterfastq
Jan-11 22:52:01.932 [main] DEBUG nextflow.executor.ExecutorFactory - << taskConfig executor: null
Jan-11 22:52:01.932 [main] DEBUG nextflow.executor.ExecutorFactory - >> processorType: 'local'
Jan-11 22:52:01.934 [main] DEBUG nextflow.processor.TaskProcessor - Creating operator > filterfastq -- maxForks: 16
Jan-11 22:52:01.946 [main] DEBUG nextflow.script.ProcessConfig - Config settings `withName:assembly` matches process assembly
Jan-11 22:52:01.947 [main] DEBUG nextflow.executor.ExecutorFactory - << taskConfig executor: null
Jan-11 22:52:01.947 [main] DEBUG nextflow.executor.ExecutorFactory - >> processorType: 'local'
Jan-11 22:52:01.950 [main] DEBUG nextflow.processor.TaskProcessor - Creating operator > assembly -- maxForks: 16
Jan-11 22:52:01.959 [main] DEBUG nextflow.script.ProcessConfig - Config settings `withName:sourmashmg` matches process sourmashmg
Jan-11 22:52:01.960 [main] DEBUG nextflow.executor.ExecutorFactory - << taskConfig executor: null
Jan-11 22:52:01.960 [main] DEBUG nextflow.executor.ExecutorFactory - >> processorType: 'local'
Jan-11 22:52:01.963 [main] DEBUG nextflow.processor.TaskProcessor - Creating operator > sourmashmg -- maxForks: 16
Jan-11 22:52:01.967 [main] DEBUG nextflow.script.BaseScript - No entry workflow defined
Jan-11 22:52:01.968 [main] DEBUG nextflow.script.ScriptRunner - > Await termination 
Jan-11 22:52:01.968 [main] DEBUG nextflow.Session - Session await
Jan-11 22:52:02.056 [Task submitter] DEBUG nextflow.executor.LocalTaskHandler - Launch cmd line: /bin/bash -ue .command.run
Jan-11 22:52:02.061 [Task submitter] INFO  nextflow.Session - [75/1ebaf5] Submitted process > input_check (1)
Jan-11 22:52:02.088 [Task submitter] DEBUG nextflow.executor.LocalTaskHandler - Launch cmd line: /bin/bash -ue .command.run
Jan-11 22:52:02.089 [Task submitter] INFO  nextflow.Session - [6c/3c084c] Submitted process > nanoplot (1)
Jan-11 22:52:02.091 [Task monitor] DEBUG n.processor.TaskPollingMonitor - Task completed > TaskHandler[id: 1; name: input_check (1); status: COMPLETED; exit: 0; error: -; workDir: /home/mike/bioinformatics/padawan-training/work/75/1ebaf58d32bb566b93233c799fa855]
Jan-11 22:52:02.116 [Task submitter] DEBUG nextflow.executor.LocalTaskHandler - Launch cmd line: /bin/bash -ue .command.run
Jan-11 22:52:02.116 [Task submitter] INFO  nextflow.Session - [cb/f85c54] Submitted process > filterfastq (1)
Jan-11 22:52:08.315 [Task monitor] DEBUG n.processor.TaskPollingMonitor - Task completed > TaskHandler[id: 3; name: filterfastq (1); status: COMPLETED; exit: 0; error: -; workDir: /home/mike/bioinformatics/padawan-training/work/cb/f85c5428ec43cd7d5bd6af8db4ea18]
Jan-11 22:52:08.330 [Task submitter] DEBUG nextflow.executor.LocalTaskHandler - Launch cmd line: /bin/bash -ue .command.run
Jan-11 22:52:08.331 [Task submitter] INFO  nextflow.Session - [0d/566987] Submitted process > assembly (1)
Jan-11 22:54:30.305 [Task monitor] DEBUG n.processor.TaskPollingMonitor - Task completed > TaskHandler[id: 2; name: nanoplot (1); status: COMPLETED; exit: 0; error: -; workDir: /home/mike/bioinformatics/padawan-training/work/6c/3c084c093302799074c365cc5cc215]
Jan-11 22:54:42.627 [Task monitor] DEBUG n.processor.TaskPollingMonitor - Task completed > TaskHandler[id: 4; name: assembly (1); status: COMPLETED; exit: 0; error: -; workDir: /home/mike/bioinformatics/padawan-training/work/0d/5669876aed28c10c7e1cc5daa32265]
Jan-11 22:54:42.641 [Task submitter] DEBUG nextflow.executor.LocalTaskHandler - Launch cmd line: /bin/bash -ue .command.run
Jan-11 22:54:42.642 [Task submitter] INFO  nextflow.Session - [c4/120cf0] Submitted process > sourmashmg (1)
Jan-11 22:55:24.330 [Task monitor] DEBUG n.processor.TaskPollingMonitor - Task completed > TaskHandler[id: 5; name: sourmashmg (1); status: COMPLETED; exit: 0; error: -; workDir: /home/mike/bioinformatics/padawan-training/work/c4/120cf0af6f212a77a4eb8f19548eee]
Jan-11 22:55:24.332 [main] DEBUG nextflow.Session - Session await > all process finished
Jan-11 22:55:24.333 [main] DEBUG nextflow.Session - Session await > all barriers passed
Jan-11 22:55:24.338 [main] DEBUG nextflow.trace.StatsObserver - Workflow completed > WorkflowStats[succeedCount=5; failedCount=0; ignoredCount=0; cachedCount=0; succeedDuration=5m 50s; failedDuration=0ms; cachedDuration=0ms]
Jan-11 22:55:24.512 [main] DEBUG nextflow.CacheDB - Closing CacheDB done
Jan-11 22:55:24.522 [main] DEBUG nextflow.script.ScriptRunner - > Execution complete -- Goodbye
